<?xml version="1.0" encoding="UTF-8"?>
<!-- Generated by org.testng.reporters.JUnitXMLReporter -->
<testsuite ignored="0" hostname="AnnetLibin" failures="0" tests="4" name="Firefox Test" time="22.804" errors="0" timestamp="2025-04-24T07:41:20 IST">
  <testcase classname="testCase.ManageNewsTest" name="verifyNewsCreated" time="1.188"/>
  <testcase classname="testCase.ManageNewsTest" name="updateNewsMessage" time="1.123"/>
  <testcase classname="testCase.ManageNewsTest" name="searchUpdatedNewsMessage" time="1.678"/>
  <testcase classname="testCase.ManageNewsTest" name="deleteUpdatedNewsMessage" time="0.911"/>
</testsuite> <!-- Firefox Test -->
