<?xml version="1.0" encoding="UTF-8"?>
<testng-results ignored="0" total="2" passed="2" failed="0" skipped="0">
  <reporter-output>
  </reporter-output>
  <suite started-at="2025-05-10T20:38:16 IST" name="GroceryApplication" finished-at="2025-05-10T20:38:25 IST" duration-ms="8492">
    <groups>
      <group name="smoke">
        <method signature="AdminUsersTest.verifyAlerWhenNewAdminUserIsCreated()[pri:0, instance:testCase.AdminUsersTest@2b71e916]" name="verifyAlerWhenNewAdminUserIsCreated" class="testCase.AdminUsersTest"/>
      </group> <!-- smoke -->
    </groups>
    <test started-at="2025-05-10T20:38:16 IST" name="Chrome Test" finished-at="2025-05-10T20:38:25 IST" duration-ms="8492">
      <class name="testCase.AdminUsersTest">
        <test-method is-config="true" signature="beforeMethod(java.lang.String)[pri:0, instance:testCase.AdminUsersTest@2b71e916]" started-at="2025-05-10T20:38:16 IST" name="beforeMethod" finished-at="2025-05-10T20:38:19 IST" duration-ms="2778" status="PASS">
          <params>
            <param index="0">
              <value>
                <![CDATA[Chrome]]>
              </value>
            </param>
          </params>
          <reporter-output>
          </reporter-output>
        </test-method> <!-- beforeMethod -->
        <test-method signature="verifyAlerWhenNewAdminUserIsCreated()[pri:0, instance:testCase.AdminUsersTest@2b71e916]" started-at="2025-05-10T20:38:19 IST" name="verifyAlerWhenNewAdminUserIsCreated" finished-at="2025-05-10T20:38:21 IST" duration-ms="2076" status="PASS">
          <reporter-output>
          </reporter-output>
        </test-method> <!-- verifyAlerWhenNewAdminUserIsCreated -->
        <test-method is-config="true" signature="afterMethod(org.testng.ITestResult)[pri:0, instance:testCase.AdminUsersTest@2b71e916]" started-at="2025-05-10T20:38:21 IST" name="afterMethod" finished-at="2025-05-10T20:38:21 IST" duration-ms="1" status="PASS">
          <params>
            <param index="0">
              <value>
                <![CDATA[[TestResult name=verifyAlerWhenNewAdminUserIsCreated status=SUCCESS method=AdminUsersTest.verifyAlerWhenNewAdminUserIsCreated()[pri:0, instance:testCase.AdminUsersTest@2b71e916] output={null}]]]>
              </value>
            </param>
          </params>
          <reporter-output>
          </reporter-output>
        </test-method> <!-- afterMethod -->
        <test-method is-config="true" signature="beforeMethod(java.lang.String)[pri:0, instance:testCase.AdminUsersTest@2b71e916]" started-at="2025-05-10T20:38:21 IST" name="beforeMethod" finished-at="2025-05-10T20:38:23 IST" duration-ms="1555" status="PASS">
          <params>
            <param index="0">
              <value>
                <![CDATA[Chrome]]>
              </value>
            </param>
          </params>
          <reporter-output>
          </reporter-output>
        </test-method> <!-- beforeMethod -->
        <test-method signature="verifyAlerWhenNewAdminUserIsLocked()[pri:0, instance:testCase.AdminUsersTest@2b71e916]" started-at="2025-05-10T20:38:23 IST" name="verifyAlerWhenNewAdminUserIsLocked" finished-at="2025-05-10T20:38:25 IST" duration-ms="1875" status="PASS">
          <reporter-output>
          </reporter-output>
        </test-method> <!-- verifyAlerWhenNewAdminUserIsLocked -->
        <test-method is-config="true" signature="afterMethod(org.testng.ITestResult)[pri:0, instance:testCase.AdminUsersTest@2b71e916]" started-at="2025-05-10T20:38:25 IST" name="afterMethod" finished-at="2025-05-10T20:38:25 IST" duration-ms="1" status="PASS">
          <params>
            <param index="0">
              <value>
                <![CDATA[[TestResult name=verifyAlerWhenNewAdminUserIsLocked status=SUCCESS method=AdminUsersTest.verifyAlerWhenNewAdminUserIsLocked()[pri:0, instance:testCase.AdminUsersTest@2b71e916] output={null}]]]>
              </value>
            </param>
          </params>
          <reporter-output>
          </reporter-output>
        </test-method> <!-- afterMethod -->
      </class> <!-- testCase.AdminUsersTest -->
    </test> <!-- Chrome Test -->
  </suite> <!-- GroceryApplication -->
</testng-results>
