<?xml version="1.0" encoding="UTF-8"?>
<testng-results ignored="0" total="1" passed="1" failed="0" skipped="0">
  <reporter-output>
  </reporter-output>
  <suite started-at="2025-05-09T08:37:54 IST" name="GroceryApplication" finished-at="2025-05-09T08:38:01 IST" duration-ms="7039">
    <groups>
      <group name="smoke">
        <method signature="ManageProductTest.verifyAlertWhenANewProductIsCreated()[pri:0, instance:testCase.ManageProductTest@411f53a0]" name="verifyAlertWhenANewProductIsCreated" class="testCase.ManageProductTest"/>
      </group> <!-- smoke -->
    </groups>
    <test started-at="2025-05-09T08:37:54 IST" name="Chrome Test" finished-at="2025-05-09T08:38:01 IST" duration-ms="7039">
      <class name="testCase.ManageProductTest">
        <test-method is-config="true" signature="beforeMethod(java.lang.String)[pri:0, instance:testCase.ManageProductTest@411f53a0]" started-at="2025-05-09T08:37:54 IST" name="beforeMethod" finished-at="2025-05-09T08:37:57 IST" duration-ms="3086" status="PASS">
          <params>
            <param index="0">
              <value>
                <![CDATA[Chrome]]>
              </value>
            </param>
          </params>
          <reporter-output>
          </reporter-output>
        </test-method> <!-- beforeMethod -->
        <test-method signature="verifyAlertWhenANewProductIsCreated()[pri:0, instance:testCase.ManageProductTest@411f53a0]" started-at="2025-05-09T08:37:57 IST" name="verifyAlertWhenANewProductIsCreated" finished-at="2025-05-09T08:38:01 IST" duration-ms="3749" status="PASS">
          <reporter-output>
          </reporter-output>
        </test-method> <!-- verifyAlertWhenANewProductIsCreated -->
        <test-method is-config="true" signature="afterMethod(org.testng.ITestResult)[pri:0, instance:testCase.ManageProductTest@411f53a0]" started-at="2025-05-09T08:38:01 IST" name="afterMethod" finished-at="2025-05-09T08:38:01 IST" duration-ms="2" status="PASS">
          <params>
            <param index="0">
              <value>
                <![CDATA[[TestResult name=verifyAlertWhenANewProductIsCreated status=SUCCESS method=ManageProductTest.verifyAlertWhenANewProductIsCreated()[pri:0, instance:testCase.ManageProductTest@411f53a0] output={null}]]]>
              </value>
            </param>
          </params>
          <reporter-output>
          </reporter-output>
        </test-method> <!-- afterMethod -->
      </class> <!-- testCase.ManageProductTest -->
    </test> <!-- Chrome Test -->
  </suite> <!-- GroceryApplication -->
</testng-results>
